<?xml version="1.0" encoding="UTF-8"?>
<!-- Generated by org.testng.reporters.JUnitXMLReporter -->
<testsuite ignored="1" hostname="TARUN" failures="0" tests="2" name="Test" time="108.626" errors="0" timestamp="2022-01-21T00:03:53 PST">
  <testcase classname="com.contact.test.ContactTest" name="createContactTest" time="48.918"/>
  <testcase classname="com.crm.comcast.orgTest.Organization" name="createOrgTest" time="24.203"/>
  <testcase classname="com.contact.test.ContactTest" name="createcontactwithOrgTest" time="0.0">
    <ignored/>
  </testcase> <!-- createcontactwithOrgTest -->
</testsuite> <!-- Test -->
