<?xml version="1.0" encoding="UTF-8"?>
<testng-results ignored="0" total="2" passed="2" failed="0" skipped="0">
  <reporter-output>
  </reporter-output>
  <suite started-at="2022-01-21T23:30:25 PST" name="Default suite" finished-at="2022-01-21T23:31:13 PST" duration-ms="47527">
    <groups>
    </groups>
    <test started-at="2022-01-21T23:30:25 PST" name="Default test" finished-at="2022-01-21T23:31:13 PST" duration-ms="47527">
      <class name="practice.SampleHomePageTest">
        <test-method is-config="true" signature="configBC()[pri:0, instance:practice.SampleHomePageTest@3e84448c]" started-at="2022-01-21T23:30:26 PST" name="configBC" finished-at="2022-01-21T23:30:40 PST" duration-ms="14126" status="PASS">
          <reporter-output>
          </reporter-output>
        </test-method> <!-- configBC -->
        <test-method is-config="true" signature="configBM()[pri:0, instance:practice.SampleHomePageTest@3e84448c]" started-at="2022-01-21T23:30:40 PST" name="configBM" finished-at="2022-01-21T23:30:47 PST" duration-ms="7280" status="PASS">
          <reporter-output>
          </reporter-output>
        </test-method> <!-- configBM -->
        <test-method signature="verifyHomePage()[pri:0, instance:practice.SampleHomePageTest@3e84448c]" started-at="2022-01-21T23:30:47 PST" name="verifyHomePage" finished-at="2022-01-21T23:30:47 PST" duration-ms="52" status="PASS">
          <reporter-output>
          </reporter-output>
        </test-method> <!-- verifyHomePage -->
        <test-method is-config="true" signature="configAM()[pri:0, instance:practice.SampleHomePageTest@3e84448c]" started-at="2022-01-21T23:30:47 PST" name="configAM" finished-at="2022-01-21T23:30:59 PST" duration-ms="11514" status="PASS">
          <reporter-output>
          </reporter-output>
        </test-method> <!-- configAM -->
        <test-method is-config="true" signature="configBM()[pri:0, instance:practice.SampleHomePageTest@3e84448c]" started-at="2022-01-21T23:30:59 PST" name="configBM" finished-at="2022-01-21T23:31:02 PST" duration-ms="3748" status="PASS">
          <reporter-output>
          </reporter-output>
        </test-method> <!-- configBM -->
        <test-method signature="verifyHomePageLogo()[pri:0, instance:practice.SampleHomePageTest@3e84448c]" started-at="2022-01-21T23:31:02 PST" name="verifyHomePageLogo" finished-at="2022-01-21T23:31:03 PST" duration-ms="372" status="PASS">
          <reporter-output>
          </reporter-output>
        </test-method> <!-- verifyHomePageLogo -->
        <test-method is-config="true" signature="configAM()[pri:0, instance:practice.SampleHomePageTest@3e84448c]" started-at="2022-01-21T23:31:03 PST" name="configAM" finished-at="2022-01-21T23:31:11 PST" duration-ms="8088" status="PASS">
          <reporter-output>
          </reporter-output>
        </test-method> <!-- configAM -->
        <test-method is-config="true" signature="configAC()[pri:0, instance:practice.SampleHomePageTest@3e84448c]" started-at="2022-01-21T23:31:11 PST" name="configAC" finished-at="2022-01-21T23:31:13 PST" duration-ms="2269" status="PASS">
          <reporter-output>
          </reporter-output>
        </test-method> <!-- configAC -->
      </class> <!-- practice.SampleHomePageTest -->
    </test> <!-- Default test -->
  </suite> <!-- Default suite -->
</testng-results>
